<?xml version="1.0" encoding="UTF-8"?>
<!-- Generated by org.testng.reporters.JUnitReportReporter -->
<testsuite hostname="LTIN268312" name="com.RestAssuredMain.API.TC008_postResponse" tests="1" failures="0" timestamp="27 Jul 2022 18:06:47 GMT" time="5.847" errors="0">
  <testcase name="postResponse" time="5.847" classname="com.RestAssuredMain.API.TC008_postResponse"/>
</testsuite>
