<?xml version="1.0" encoding="UTF-8"?>
<!-- Generated by org.testng.reporters.JUnitReportReporter -->
<testsuite hostname="LTIN268312" name="com.RestAssuredMain.API.TC004_httpHeaderReader" tests="1" failures="0" timestamp="27 Jul 2022 18:33:24 GMT" time="0.553" errors="0">
  <testcase name="httpReader" time="0.553" classname="com.RestAssuredMain.API.TC004_httpHeaderReader"/>
</testsuite>
